<?xml version="1.0" encoding="UTF-8"?>
<testsuite name="HangManTest" tests="3" skipped="0" failures="0" errors="0" timestamp="2017-12-01T13:58:12" hostname="kadan-HP-EliteBook-Folio-9470m" time="0.003">
  <properties/>
  <testcase name="CheckifMatchFoundTest" classname="HangManTest" time="0.001"/>
  <testcase name="CheckifCharFoundInStringTest" classname="HangManTest" time="0.001"/>
  <testcase name="CheckifStringFoundInStringTest" classname="HangManTest" time="0.0"/>
  <system-out><![CDATA[1
3
]]></system-out>
  <system-err><![CDATA[]]></system-err>
</testsuite>
